<?xml version="1.0" encoding="UTF-8"?>
<!-- Generated by org.testng.reporters.JUnitReportReporter -->
<testsuite skipped="0" hostname="LT070613" name="testng.BasicAuthTest" tests="2" failures="0" timestamp="15 May 2018 13:10:28 GMT" time="39.326" errors="0">
  <testcase name="verifyBasicAuthLogin" time="23.486" classname="testng.BasicAuthTest"/>
  <testcase name="verifyBasicAuthLogin" time="15.840" classname="testng.BasicAuthTest"/>
</testsuite> <!-- testng.BasicAuthTest -->
