<?xml version="1.0" encoding="UTF-8"?>
<!-- Generated by org.testng.reporters.JUnitReportReporter -->
<testsuite skipped="0" hostname="LT070613" name="testng.HomePageTest" tests="2" failures="0" timestamp="15 May 2018 12:47:53 GMT" time="90.289" errors="0">
  <testcase name="verifyHomePageAvailiablity" time="49.441" classname="testng.HomePageTest"/>
  <testcase name="verifyHomePageAvailiablity" time="40.848" classname="testng.HomePageTest"/>
</testsuite> <!-- testng.HomePageTest -->
