<?xml version="1.0" encoding="UTF-8"?>
<!-- Generated by org.testng.reporters.JUnitReportReporter -->
<testsuite skipped="0" hostname="LT070613" name="testng.HomePageTest" tests="1" failures="0" timestamp="01 May 2018 06:01:41 GMT" time="4.454" errors="0">
  <testcase name="verifyHomePageAvailiablity" time="4.454" classname="testng.HomePageTest"/>
</testsuite> <!-- testng.HomePageTest -->
