<?xml version="1.0" encoding="UTF-8"?>
<!-- Generated by org.testng.reporters.JUnitReportReporter -->
<testsuite skipped="0" hostname="LT070613" name="testng.BrokenImagesTest" tests="1" failures="0" timestamp="03 May 2018 08:44:18 GMT" time="22.644" errors="0">
  <testcase name="verifyBrokenImagaes" time="22.644" classname="testng.BrokenImagesTest"/>
</testsuite> <!-- testng.BrokenImagesTest -->
