<?xml version="1.0" encoding="UTF-8"?>
<!-- Generated by org.testng.reporters.JUnitReportReporter -->
<testsuite skipped="0" hostname="LT070613" name="testng.ChallengingDomPageTest" tests="4" failures="0" timestamp="15 May 2018 12:47:53 GMT" time="22.539" errors="0">
  <testcase name="verifyCanvasAvailiablity" time="0.569" classname="testng.ChallengingDomPageTest"/>
  <testcase name="verifyButtonsAvailiablity" time="13.274" classname="testng.ChallengingDomPageTest"/>
  <testcase name="verifyCanvasAvailiablity" time="0.177" classname="testng.ChallengingDomPageTest"/>
  <testcase name="verifyButtonsAvailiablity" time="8.519" classname="testng.ChallengingDomPageTest"/>
</testsuite> <!-- testng.ChallengingDomPageTest -->
