<?xml version="1.0" encoding="UTF-8"?>
<!-- Generated by org.testng.reporters.JUnitReportReporter -->
<testsuite skipped="0" hostname="LT070613" name="testng.BrokenImagesTest" tests="1" failures="0" timestamp="04 May 2018 06:51:31 GMT" time="26.325" errors="0">
  <testcase name="verifyBrokenImagaes" time="26.325" classname="testng.BrokenImagesTest"/>
</testsuite> <!-- testng.BrokenImagesTest -->
