<?xml version="1.0" encoding="UTF-8"?>
<!-- Generated by org.testng.reporters.JUnitReportReporter -->
<testsuite skipped="0" hostname="LT070613" name="testng.HomePageTest" tests="2" failures="0" timestamp="15 May 2018 13:09:03 GMT" time="32.006" errors="0">
  <testcase name="verifyHomePageAvailiablity" time="17.768" classname="testng.HomePageTest"/>
  <testcase name="verifyHomePageAvailiablity" time="14.238" classname="testng.HomePageTest"/>
</testsuite> <!-- testng.HomePageTest -->
