<?xml version="1.0" encoding="UTF-8"?>
<!-- Generated by org.testng.reporters.JUnitReportReporter -->
<testsuite skipped="0" hostname="LT070613" name="testng.DropDownTestPage" tests="2" failures="0" timestamp="15 May 2018 11:46:38 GMT" time="6.999" errors="0">
  <testcase name="verifyDropDownPageAvailiablity" time="6.232" classname="testng.DropDownTestPage"/>
  <testcase name="verifyGetDropDownOptions" time="0.767" classname="testng.DropDownTestPage"/>
</testsuite> <!-- testng.DropDownTestPage -->
