<?xml version="1.0" encoding="UTF-8"?>
<!-- Generated by org.testng.reporters.JUnitReportReporter -->
<testsuite skipped="0" hostname="LT070613" name="testng.CheckboxesPageTest" tests="2" failures="0" timestamp="06 May 2018 15:27:02 GMT" time="6.642" errors="0">
  <testcase name="verifyUncheckAllCheckboxes" time="0.540" classname="testng.CheckboxesPageTest"/>
  <testcase name="verifyCheckAllCheckboxes" time="6.102" classname="testng.CheckboxesPageTest"/>
</testsuite> <!-- testng.CheckboxesPageTest -->
