<?xml version="1.0" encoding="UTF-8"?>
<!-- Generated by org.testng.reporters.JUnitReportReporter -->
<testsuite skipped="0" hostname="LT070613" name="testng.BasicAuthTest" tests="1" failures="0" timestamp="03 May 2018 08:40:25 GMT" time="16.146" errors="0">
  <testcase name="verifyBasicAuthLogin" time="16.146" classname="testng.BasicAuthTest"/>
</testsuite> <!-- testng.BasicAuthTest -->
