<?xml version="1.0" encoding="UTF-8"?>
<!-- Generated by org.testng.reporters.JUnitReportReporter -->
<testsuite skipped="0" hostname="LT070613" name="testng.BasicAuthTest" tests="1" failures="0" timestamp="26 Apr 2018 10:27:17 GMT" time="6.354" errors="0">
  <testcase name="verifyBasicAuthLogin" time="6.354" classname="testng.BasicAuthTest"/>
</testsuite> <!-- testng.BasicAuthTest -->
