<?xml version="1.0" encoding="UTF-8"?>
<!-- Generated by org.testng.reporters.JUnitReportReporter -->
<testsuite skipped="0" hostname="LT070613" name="testng.DropDownPageTest" tests="4" failures="0" timestamp="15 May 2018 12:47:53 GMT" time="17.457" errors="0">
  <testcase name="verifyDropDownPageAvailiablity" time="5.424" classname="testng.DropDownPageTest"/>
  <testcase name="verifyGetDropDownOptions" time="0.355" classname="testng.DropDownPageTest"/>
  <testcase name="verifyGetDropDownOptions" time="0.752" classname="testng.DropDownPageTest"/>
  <testcase name="verifyDropDownPageAvailiablity" time="10.926" classname="testng.DropDownPageTest"/>
</testsuite> <!-- testng.DropDownPageTest -->
