<?xml version="1.0" encoding="UTF-8"?>
<!-- Generated by org.testng.reporters.JUnitReportReporter -->
<testsuite skipped="0" hostname="LT070613" name="testng.HomePageTest" tests="1" failures="0" timestamp="26 Apr 2018 10:46:55 GMT" time="6.468" errors="0">
  <testcase name="verifyHomePageAvailiablity" time="6.468" classname="testng.HomePageTest"/>
</testsuite> <!-- testng.HomePageTest -->
