<?xml version="1.0" encoding="UTF-8"?>
<!-- Generated by org.testng.reporters.JUnitReportReporter -->
<testsuite skipped="0" hostname="LT070613" name="testng.HomePageTest" tests="1" failures="0" timestamp="03 May 2018 08:34:34 GMT" time="14.594" errors="0">
  <testcase name="verifyHomePageAvailiablity" time="14.594" classname="testng.HomePageTest"/>
</testsuite> <!-- testng.HomePageTest -->
