<?xml version="1.0" encoding="UTF-8"?>
<!-- Generated by org.testng.reporters.JUnitReportReporter -->
<testsuite skipped="0" hostname="LT070613" name="testng.CheckboxesPageTest" tests="4" failures="0" timestamp="15 May 2018 12:47:53 GMT" time="19.197" errors="0">
  <testcase name="verifyUncheckAllCheckboxes" time="0.628" classname="testng.CheckboxesPageTest"/>
  <testcase name="verifyCheckAllCheckboxes" time="11.589" classname="testng.CheckboxesPageTest"/>
  <testcase name="verifyUncheckAllCheckboxes" time="0.904" classname="testng.CheckboxesPageTest"/>
  <testcase name="verifyCheckAllCheckboxes" time="6.076" classname="testng.CheckboxesPageTest"/>
</testsuite> <!-- testng.CheckboxesPageTest -->
