<?xml version="1.0" encoding="UTF-8"?>
<!-- Generated by org.testng.reporters.JUnitReportReporter -->
<testsuite skipped="0" hostname="LT070613" name="testng.BrokenImagesTest" tests="2" failures="0" timestamp="15 May 2018 12:47:53 GMT" time="101.397" errors="0">
  <testcase name="verifyBrokenImagaes" time="47.645" classname="testng.BrokenImagesTest"/>
  <testcase name="verifyBrokenImagaes" time="53.752" classname="testng.BrokenImagesTest"/>
</testsuite> <!-- testng.BrokenImagesTest -->
