<?xml version="1.0" encoding="UTF-8"?>
<!-- Generated by org.testng.reporters.JUnitReportReporter -->
<testsuite skipped="0" hostname="LT070613" name="testng.BasicAuthTest" tests="2" failures="0" timestamp="15 May 2018 12:47:53 GMT" time="92.464" errors="0">
  <testcase name="verifyBasicAuthLogin" time="40.793" classname="testng.BasicAuthTest"/>
  <testcase name="verifyBasicAuthLogin" time="51.671" classname="testng.BasicAuthTest"/>
</testsuite> <!-- testng.BasicAuthTest -->
