<?xml version="1.0" encoding="UTF-8"?>
<!-- Generated by org.testng.reporters.JUnitReportReporter -->
<testsuite skipped="0" hostname="LT070613" name="testng.ChallengingDomPageTest" tests="2" failures="0" timestamp="04 May 2018 10:08:27 GMT" time="7.669" errors="0">
  <testcase name="verifyButtonsAvailiablity" time="7.238" classname="testng.ChallengingDomPageTest"/>
  <testcase name="verifyCanvasAvailiablity" time="0.431" classname="testng.ChallengingDomPageTest"/>
</testsuite> <!-- testng.ChallengingDomPageTest -->
